<?xml version="1.0" encoding="UTF-8"?>
<!-- Generated by org.testng.reporters.JUnitXMLReporter -->
<testsuite ignored="4" hostname="iramtech-Vostro-3470" failures="7" tests="31" name="Reports Analytics || POS Reports Test" time="318.602" errors="0" timestamp="2024-08-01T15:22:37 IST">
  <testcase classname="com.silvassaOfficer.testcases.TC_LoginTest_001" name="login" time="5.088"/>
  <testcase classname="com.silvassaOfficer.testcases.POSReports_Revenue_007" name="clickon_Menu" time="10.19"/>
  <testcase classname="com.silvassaOfficer.testcases.POSReports_Revenue_007" name="clickon_POSReports_Page" time="3.659"/>
  <testcase classname="com.silvassaOfficer.testcases.POSReports_Revenue_007" name="clickOn_SitesDropDownList" time="22.341">
    <failure type="java.lang.AssertionError" message="Failed to Click on sites list dropdown &amp;amp; Select Site in Reservation Reports: An element could not be located on the page using the given search parameters.
For documentation on this error, please visit: https://selenium.dev/exceptions/#no_such_element
Build info: version: &amp;apos;4.9.1&amp;apos;, revision: &amp;apos;eb2032df7f&amp;apos;
System info: os.name: &amp;apos;Linux&amp;apos;, os.arch: &amp;apos;amd64&amp;apos;, os.version: &amp;apos;6.5.0-28-generic&amp;apos;, java.version: &amp;apos;18.0.2-ea&amp;apos;
Driver info: io.appium.java_client.android.AndroidDriver
Command: [1095ccde-893e-4b01-9c3b-c433d0b9e512, findElement {using=xpath, value=/hierarchy/android.widget.FrameLayout/android.widget.LinearLayout/android.widget.FrameLayout/android.widget.LinearLayout/android.widget.FrameLayout/android.widget.RelativeLayout/android.webkit.WebView/android.webkit.WebView/android.widget.ListView/android.view.View[2]/android.widget.TextView}]
Capabilities {appium:appActivity: com.iramtech.silvassa_offic..., appium:appPackage: com.iramtech.silvassa_officer, appium:automationName: UiAutomator2, appium:databaseEnabled: false, appium:desired: {appActivity: com.iramtech.silvassa_offic..., appPackage: com.iramtech.silvassa_officer, automationName: UiAutomator2, deviceName: moto e13 , noReset: true, platformName: ANDROID, platformVersion: 13.0, testOnly: false}, appium:deviceApiLevel: 33, appium:deviceManufacturer: motorola, appium:deviceModel: moto e13, appium:deviceName: ZD22293992, appium:deviceScreenDensity: 280, appium:deviceScreenSize: 720x1600, appium:deviceUDID: ZD22293992, appium:javascriptEnabled: true, appium:locationContextEnabled: false, appium:networkConnectionEnabled: true, appium:noReset: true, appium:pixelRatio: 1.75, appium:platformVersion: 13, appium:statBarHeight: 42, appium:takesScreenshot: true, appium:testOnly: false, appium:viewportRect: {height: 1558, left: 0, top: 42, width: 720}, appium:warnings: {}, appium:webStorageEnabled: false, platformName: ANDROID}
Session ID: 1095ccde-893e-4b01-9c3b-c433d0b9e512 expected [true] but found [false]">
      <![CDATA[java.lang.AssertionError: Failed to Click on sites list dropdown & Select Site in Reservation Reports: An element could not be located on the page using the given search parameters.
For documentation on this error, please visit: https://selenium.dev/exceptions/#no_such_element
Build info: version: '4.9.1', revision: 'eb2032df7f'
System info: os.name: 'Linux', os.arch: 'amd64', os.version: '6.5.0-28-generic', java.version: '18.0.2-ea'
Driver info: io.appium.java_client.android.AndroidDriver
Command: [1095ccde-893e-4b01-9c3b-c433d0b9e512, findElement {using=xpath, value=/hierarchy/android.widget.FrameLayout/android.widget.LinearLayout/android.widget.FrameLayout/android.widget.LinearLayout/android.widget.FrameLayout/android.widget.RelativeLayout/android.webkit.WebView/android.webkit.WebView/android.widget.ListView/android.view.View[2]/android.widget.TextView}]
Capabilities {appium:appActivity: com.iramtech.silvassa_offic..., appium:appPackage: com.iramtech.silvassa_officer, appium:automationName: UiAutomator2, appium:databaseEnabled: false, appium:desired: {appActivity: com.iramtech.silvassa_offic..., appPackage: com.iramtech.silvassa_officer, automationName: UiAutomator2, deviceName: moto e13 , noReset: true, platformName: ANDROID, platformVersion: 13.0, testOnly: false}, appium:deviceApiLevel: 33, appium:deviceManufacturer: motorola, appium:deviceModel: moto e13, appium:deviceName: ZD22293992, appium:deviceScreenDensity: 280, appium:deviceScreenSize: 720x1600, appium:deviceUDID: ZD22293992, appium:javascriptEnabled: true, appium:locationContextEnabled: false, appium:networkConnectionEnabled: true, appium:noReset: true, appium:pixelRatio: 1.75, appium:platformVersion: 13, appium:statBarHeight: 42, appium:takesScreenshot: true, appium:testOnly: false, appium:viewportRect: {height: 1558, left: 0, top: 42, width: 720}, appium:warnings: {}, appium:webStorageEnabled: false, platformName: ANDROID}
Session ID: 1095ccde-893e-4b01-9c3b-c433d0b9e512 expected [true] but found [false]
at com.silvassaOfficer.testcases.POSReports_Revenue_007.clickOn_SitesDropDownList(POSReports_Revenue_007.java:83)
at java.base/java.util.ArrayList.forEach(ArrayList.java:1511)
... Removed 32 stack frames]]>
    </failure>
  </testcase> <!-- clickOn_SitesDropDownList -->
  <testcase classname="com.silvassaOfficer.testcases.POSReports_Revenue_007" name="clickOn_POSDropDownList" time="17.111">
    <failure type="java.lang.AssertionError" message="Failed to Click on POS list dropdown &amp;amp; Select POS in POS: An element could not be located on the page using the given search parameters.
For documentation on this error, please visit: https://selenium.dev/exceptions/#no_such_element
Build info: version: &amp;apos;4.9.1&amp;apos;, revision: &amp;apos;eb2032df7f&amp;apos;
System info: os.name: &amp;apos;Linux&amp;apos;, os.arch: &amp;apos;amd64&amp;apos;, os.version: &amp;apos;6.5.0-28-generic&amp;apos;, java.version: &amp;apos;18.0.2-ea&amp;apos;
Driver info: io.appium.java_client.android.AndroidDriver
Command: [1095ccde-893e-4b01-9c3b-c433d0b9e512, findElement {using=xpath, value=/hierarchy/android.widget.FrameLayout/android.widget.LinearLayout/android.widget.FrameLayout/android.widget.LinearLayout/android.widget.FrameLayout/android.widget.RelativeLayout/android.webkit.WebView/android.webkit.WebView/android.view.View/android.view.View[2]/android.view.View/android.view.View[2]/android.view.View[3]/android.view.View/android.widget.Button}]
Capabilities {appium:appActivity: com.iramtech.silvassa_offic..., appium:appPackage: com.iramtech.silvassa_officer, appium:automationName: UiAutomator2, appium:databaseEnabled: false, appium:desired: {appActivity: com.iramtech.silvassa_offic..., appPackage: com.iramtech.silvassa_officer, automationName: UiAutomator2, deviceName: moto e13 , noReset: true, platformName: ANDROID, platformVersion: 13.0, testOnly: false}, appium:deviceApiLevel: 33, appium:deviceManufacturer: motorola, appium:deviceModel: moto e13, appium:deviceName: ZD22293992, appium:deviceScreenDensity: 280, appium:deviceScreenSize: 720x1600, appium:deviceUDID: ZD22293992, appium:javascriptEnabled: true, appium:locationContextEnabled: false, appium:networkConnectionEnabled: true, appium:noReset: true, appium:pixelRatio: 1.75, appium:platformVersion: 13, appium:statBarHeight: 42, appium:takesScreenshot: true, appium:testOnly: false, appium:viewportRect: {height: 1558, left: 0, top: 42, width: 720}, appium:warnings: {}, appium:webStorageEnabled: false, platformName: ANDROID}
Session ID: 1095ccde-893e-4b01-9c3b-c433d0b9e512 expected [true] but found [false]">
      <![CDATA[java.lang.AssertionError: Failed to Click on POS list dropdown & Select POS in POS: An element could not be located on the page using the given search parameters.
For documentation on this error, please visit: https://selenium.dev/exceptions/#no_such_element
Build info: version: '4.9.1', revision: 'eb2032df7f'
System info: os.name: 'Linux', os.arch: 'amd64', os.version: '6.5.0-28-generic', java.version: '18.0.2-ea'
Driver info: io.appium.java_client.android.AndroidDriver
Command: [1095ccde-893e-4b01-9c3b-c433d0b9e512, findElement {using=xpath, value=/hierarchy/android.widget.FrameLayout/android.widget.LinearLayout/android.widget.FrameLayout/android.widget.LinearLayout/android.widget.FrameLayout/android.widget.RelativeLayout/android.webkit.WebView/android.webkit.WebView/android.view.View/android.view.View[2]/android.view.View/android.view.View[2]/android.view.View[3]/android.view.View/android.widget.Button}]
Capabilities {appium:appActivity: com.iramtech.silvassa_offic..., appium:appPackage: com.iramtech.silvassa_officer, appium:automationName: UiAutomator2, appium:databaseEnabled: false, appium:desired: {appActivity: com.iramtech.silvassa_offic..., appPackage: com.iramtech.silvassa_officer, automationName: UiAutomator2, deviceName: moto e13 , noReset: true, platformName: ANDROID, platformVersion: 13.0, testOnly: false}, appium:deviceApiLevel: 33, appium:deviceManufacturer: motorola, appium:deviceModel: moto e13, appium:deviceName: ZD22293992, appium:deviceScreenDensity: 280, appium:deviceScreenSize: 720x1600, appium:deviceUDID: ZD22293992, appium:javascriptEnabled: true, appium:locationContextEnabled: false, appium:networkConnectionEnabled: true, appium:noReset: true, appium:pixelRatio: 1.75, appium:platformVersion: 13, appium:statBarHeight: 42, appium:takesScreenshot: true, appium:testOnly: false, appium:viewportRect: {height: 1558, left: 0, top: 42, width: 720}, appium:warnings: {}, appium:webStorageEnabled: false, platformName: ANDROID}
Session ID: 1095ccde-893e-4b01-9c3b-c433d0b9e512 expected [true] but found [false]
at com.silvassaOfficer.testcases.POSReports_Revenue_007.clickOn_POSDropDownList(POSReports_Revenue_007.java:105)
at java.base/java.util.ArrayList.forEach(ArrayList.java:1511)
... Removed 32 stack frames]]>
    </failure>
  </testcase> <!-- clickOn_POSDropDownList -->
  <testcase classname="com.silvassaOfficer.testcases.POSReports_Revenue_007" name="click1D_Button" time="32.448">
    <failure type="java.lang.AssertionError" message="Failed to Click on One Day in POS Reports: An element could not be located on the page using the given search parameters.
For documentation on this error, please visit: https://selenium.dev/exceptions/#no_such_element
Build info: version: &amp;apos;4.9.1&amp;apos;, revision: &amp;apos;eb2032df7f&amp;apos;
System info: os.name: &amp;apos;Linux&amp;apos;, os.arch: &amp;apos;amd64&amp;apos;, os.version: &amp;apos;6.5.0-28-generic&amp;apos;, java.version: &amp;apos;18.0.2-ea&amp;apos;
Driver info: io.appium.java_client.android.AndroidDriver
Command: [1095ccde-893e-4b01-9c3b-c433d0b9e512, findElement {using=xpath, value=/hierarchy/android.widget.FrameLayout/android.widget.LinearLayout/android.widget.FrameLayout/android.widget.LinearLayout/android.widget.FrameLayout/android.widget.RelativeLayout/android.webkit.WebView/android.webkit.WebView/android.view.View/android.view.View[2]/android.view.View/android.view.View[2]/android.view.View[4]/android.view.View/android.view.View[1]/android.view.View[1]/android.view.View/android.view.View/android.widget.RadioButton[1]}]
Capabilities {appium:appActivity: com.iramtech.silvassa_offic..., appium:appPackage: com.iramtech.silvassa_officer, appium:automationName: UiAutomator2, appium:databaseEnabled: false, appium:desired: {appActivity: com.iramtech.silvassa_offic..., appPackage: com.iramtech.silvassa_officer, automationName: UiAutomator2, deviceName: moto e13 , noReset: true, platformName: ANDROID, platformVersion: 13.0, testOnly: false}, appium:deviceApiLevel: 33, appium:deviceManufacturer: motorola, appium:deviceModel: moto e13, appium:deviceName: ZD22293992, appium:deviceScreenDensity: 280, appium:deviceScreenSize: 720x1600, appium:deviceUDID: ZD22293992, appium:javascriptEnabled: true, appium:locationContextEnabled: false, appium:networkConnectionEnabled: true, appium:noReset: true, appium:pixelRatio: 1.75, appium:platformVersion: 13, appium:statBarHeight: 42, appium:takesScreenshot: true, appium:testOnly: false, appium:viewportRect: {height: 1558, left: 0, top: 42, width: 720}, appium:warnings: {}, appium:webStorageEnabled: false, platformName: ANDROID}
Session ID: 1095ccde-893e-4b01-9c3b-c433d0b9e512 expected [true] but found [false]">
      <![CDATA[java.lang.AssertionError: Failed to Click on One Day in POS Reports: An element could not be located on the page using the given search parameters.
For documentation on this error, please visit: https://selenium.dev/exceptions/#no_such_element
Build info: version: '4.9.1', revision: 'eb2032df7f'
System info: os.name: 'Linux', os.arch: 'amd64', os.version: '6.5.0-28-generic', java.version: '18.0.2-ea'
Driver info: io.appium.java_client.android.AndroidDriver
Command: [1095ccde-893e-4b01-9c3b-c433d0b9e512, findElement {using=xpath, value=/hierarchy/android.widget.FrameLayout/android.widget.LinearLayout/android.widget.FrameLayout/android.widget.LinearLayout/android.widget.FrameLayout/android.widget.RelativeLayout/android.webkit.WebView/android.webkit.WebView/android.view.View/android.view.View[2]/android.view.View/android.view.View[2]/android.view.View[4]/android.view.View/android.view.View[1]/android.view.View[1]/android.view.View/android.view.View/android.widget.RadioButton[1]}]
Capabilities {appium:appActivity: com.iramtech.silvassa_offic..., appium:appPackage: com.iramtech.silvassa_officer, appium:automationName: UiAutomator2, appium:databaseEnabled: false, appium:desired: {appActivity: com.iramtech.silvassa_offic..., appPackage: com.iramtech.silvassa_officer, automationName: UiAutomator2, deviceName: moto e13 , noReset: true, platformName: ANDROID, platformVersion: 13.0, testOnly: false}, appium:deviceApiLevel: 33, appium:deviceManufacturer: motorola, appium:deviceModel: moto e13, appium:deviceName: ZD22293992, appium:deviceScreenDensity: 280, appium:deviceScreenSize: 720x1600, appium:deviceUDID: ZD22293992, appium:javascriptEnabled: true, appium:locationContextEnabled: false, appium:networkConnectionEnabled: true, appium:noReset: true, appium:pixelRatio: 1.75, appium:platformVersion: 13, appium:statBarHeight: 42, appium:takesScreenshot: true, appium:testOnly: false, appium:viewportRect: {height: 1558, left: 0, top: 42, width: 720}, appium:warnings: {}, appium:webStorageEnabled: false, platformName: ANDROID}
Session ID: 1095ccde-893e-4b01-9c3b-c433d0b9e512 expected [true] but found [false]
at com.silvassaOfficer.testcases.POSReports_Revenue_007.click1D_Button(POSReports_Revenue_007.java:127)
at java.base/java.util.ArrayList.forEach(ArrayList.java:1511)
... Removed 32 stack frames]]>
    </failure>
  </testcase> <!-- click1D_Button -->
  <testcase classname="com.silvassaOfficer.testcases.POSReports_Revenue_007" name="click1W_Button" time="17.226">
    <failure type="java.lang.AssertionError" message="Failed to Click on One Week in POS Reports: An element could not be located on the page using the given search parameters.
For documentation on this error, please visit: https://selenium.dev/exceptions/#no_such_element
Build info: version: &amp;apos;4.9.1&amp;apos;, revision: &amp;apos;eb2032df7f&amp;apos;
System info: os.name: &amp;apos;Linux&amp;apos;, os.arch: &amp;apos;amd64&amp;apos;, os.version: &amp;apos;6.5.0-28-generic&amp;apos;, java.version: &amp;apos;18.0.2-ea&amp;apos;
Driver info: io.appium.java_client.android.AndroidDriver
Command: [1095ccde-893e-4b01-9c3b-c433d0b9e512, findElement {using=xpath, value=/hierarchy/android.widget.FrameLayout/android.widget.LinearLayout/android.widget.FrameLayout/android.widget.LinearLayout/android.widget.FrameLayout/android.widget.RelativeLayout/android.webkit.WebView/android.webkit.WebView/android.view.View/android.view.View[2]/android.view.View/android.view.View[2]/android.view.View[4]/android.view.View/android.view.View[1]/android.view.View[1]/android.view.View/android.view.View/android.widget.RadioButton[2]}]
Capabilities {appium:appActivity: com.iramtech.silvassa_offic..., appium:appPackage: com.iramtech.silvassa_officer, appium:automationName: UiAutomator2, appium:databaseEnabled: false, appium:desired: {appActivity: com.iramtech.silvassa_offic..., appPackage: com.iramtech.silvassa_officer, automationName: UiAutomator2, deviceName: moto e13 , noReset: true, platformName: ANDROID, platformVersion: 13.0, testOnly: false}, appium:deviceApiLevel: 33, appium:deviceManufacturer: motorola, appium:deviceModel: moto e13, appium:deviceName: ZD22293992, appium:deviceScreenDensity: 280, appium:deviceScreenSize: 720x1600, appium:deviceUDID: ZD22293992, appium:javascriptEnabled: true, appium:locationContextEnabled: false, appium:networkConnectionEnabled: true, appium:noReset: true, appium:pixelRatio: 1.75, appium:platformVersion: 13, appium:statBarHeight: 42, appium:takesScreenshot: true, appium:testOnly: false, appium:viewportRect: {height: 1558, left: 0, top: 42, width: 720}, appium:warnings: {}, appium:webStorageEnabled: false, platformName: ANDROID}
Session ID: 1095ccde-893e-4b01-9c3b-c433d0b9e512 expected [true] but found [false]">
      <![CDATA[java.lang.AssertionError: Failed to Click on One Week in POS Reports: An element could not be located on the page using the given search parameters.
For documentation on this error, please visit: https://selenium.dev/exceptions/#no_such_element
Build info: version: '4.9.1', revision: 'eb2032df7f'
System info: os.name: 'Linux', os.arch: 'amd64', os.version: '6.5.0-28-generic', java.version: '18.0.2-ea'
Driver info: io.appium.java_client.android.AndroidDriver
Command: [1095ccde-893e-4b01-9c3b-c433d0b9e512, findElement {using=xpath, value=/hierarchy/android.widget.FrameLayout/android.widget.LinearLayout/android.widget.FrameLayout/android.widget.LinearLayout/android.widget.FrameLayout/android.widget.RelativeLayout/android.webkit.WebView/android.webkit.WebView/android.view.View/android.view.View[2]/android.view.View/android.view.View[2]/android.view.View[4]/android.view.View/android.view.View[1]/android.view.View[1]/android.view.View/android.view.View/android.widget.RadioButton[2]}]
Capabilities {appium:appActivity: com.iramtech.silvassa_offic..., appium:appPackage: com.iramtech.silvassa_officer, appium:automationName: UiAutomator2, appium:databaseEnabled: false, appium:desired: {appActivity: com.iramtech.silvassa_offic..., appPackage: com.iramtech.silvassa_officer, automationName: UiAutomator2, deviceName: moto e13 , noReset: true, platformName: ANDROID, platformVersion: 13.0, testOnly: false}, appium:deviceApiLevel: 33, appium:deviceManufacturer: motorola, appium:deviceModel: moto e13, appium:deviceName: ZD22293992, appium:deviceScreenDensity: 280, appium:deviceScreenSize: 720x1600, appium:deviceUDID: ZD22293992, appium:javascriptEnabled: true, appium:locationContextEnabled: false, appium:networkConnectionEnabled: true, appium:noReset: true, appium:pixelRatio: 1.75, appium:platformVersion: 13, appium:statBarHeight: 42, appium:takesScreenshot: true, appium:testOnly: false, appium:viewportRect: {height: 1558, left: 0, top: 42, width: 720}, appium:warnings: {}, appium:webStorageEnabled: false, platformName: ANDROID}
Session ID: 1095ccde-893e-4b01-9c3b-c433d0b9e512 expected [true] but found [false]
at com.silvassaOfficer.testcases.POSReports_Revenue_007.click1W_Button(POSReports_Revenue_007.java:144)
at java.base/java.util.ArrayList.forEach(ArrayList.java:1511)
... Removed 32 stack frames]]>
    </failure>
  </testcase> <!-- click1W_Button -->
  <testcase classname="com.silvassaOfficer.testcases.POSReports_Revenue_007" name="click1M_Button" time="17.233">
    <failure type="java.lang.AssertionError" message="Failed to Click on One Month in POS Reports: An element could not be located on the page using the given search parameters.
For documentation on this error, please visit: https://selenium.dev/exceptions/#no_such_element
Build info: version: &amp;apos;4.9.1&amp;apos;, revision: &amp;apos;eb2032df7f&amp;apos;
System info: os.name: &amp;apos;Linux&amp;apos;, os.arch: &amp;apos;amd64&amp;apos;, os.version: &amp;apos;6.5.0-28-generic&amp;apos;, java.version: &amp;apos;18.0.2-ea&amp;apos;
Driver info: io.appium.java_client.android.AndroidDriver
Command: [1095ccde-893e-4b01-9c3b-c433d0b9e512, findElement {using=xpath, value=/hierarchy/android.widget.FrameLayout/android.widget.LinearLayout/android.widget.FrameLayout/android.widget.LinearLayout/android.widget.FrameLayout/android.widget.RelativeLayout/android.webkit.WebView/android.webkit.WebView/android.view.View/android.view.View[2]/android.view.View/android.view.View[2]/android.view.View[4]/android.view.View/android.view.View[1]/android.view.View[1]/android.view.View/android.view.View/android.widget.RadioButton[3]}]
Capabilities {appium:appActivity: com.iramtech.silvassa_offic..., appium:appPackage: com.iramtech.silvassa_officer, appium:automationName: UiAutomator2, appium:databaseEnabled: false, appium:desired: {appActivity: com.iramtech.silvassa_offic..., appPackage: com.iramtech.silvassa_officer, automationName: UiAutomator2, deviceName: moto e13 , noReset: true, platformName: ANDROID, platformVersion: 13.0, testOnly: false}, appium:deviceApiLevel: 33, appium:deviceManufacturer: motorola, appium:deviceModel: moto e13, appium:deviceName: ZD22293992, appium:deviceScreenDensity: 280, appium:deviceScreenSize: 720x1600, appium:deviceUDID: ZD22293992, appium:javascriptEnabled: true, appium:locationContextEnabled: false, appium:networkConnectionEnabled: true, appium:noReset: true, appium:pixelRatio: 1.75, appium:platformVersion: 13, appium:statBarHeight: 42, appium:takesScreenshot: true, appium:testOnly: false, appium:viewportRect: {height: 1558, left: 0, top: 42, width: 720}, appium:warnings: {}, appium:webStorageEnabled: false, platformName: ANDROID}
Session ID: 1095ccde-893e-4b01-9c3b-c433d0b9e512 expected [true] but found [false]">
      <![CDATA[java.lang.AssertionError: Failed to Click on One Month in POS Reports: An element could not be located on the page using the given search parameters.
For documentation on this error, please visit: https://selenium.dev/exceptions/#no_such_element
Build info: version: '4.9.1', revision: 'eb2032df7f'
System info: os.name: 'Linux', os.arch: 'amd64', os.version: '6.5.0-28-generic', java.version: '18.0.2-ea'
Driver info: io.appium.java_client.android.AndroidDriver
Command: [1095ccde-893e-4b01-9c3b-c433d0b9e512, findElement {using=xpath, value=/hierarchy/android.widget.FrameLayout/android.widget.LinearLayout/android.widget.FrameLayout/android.widget.LinearLayout/android.widget.FrameLayout/android.widget.RelativeLayout/android.webkit.WebView/android.webkit.WebView/android.view.View/android.view.View[2]/android.view.View/android.view.View[2]/android.view.View[4]/android.view.View/android.view.View[1]/android.view.View[1]/android.view.View/android.view.View/android.widget.RadioButton[3]}]
Capabilities {appium:appActivity: com.iramtech.silvassa_offic..., appium:appPackage: com.iramtech.silvassa_officer, appium:automationName: UiAutomator2, appium:databaseEnabled: false, appium:desired: {appActivity: com.iramtech.silvassa_offic..., appPackage: com.iramtech.silvassa_officer, automationName: UiAutomator2, deviceName: moto e13 , noReset: true, platformName: ANDROID, platformVersion: 13.0, testOnly: false}, appium:deviceApiLevel: 33, appium:deviceManufacturer: motorola, appium:deviceModel: moto e13, appium:deviceName: ZD22293992, appium:deviceScreenDensity: 280, appium:deviceScreenSize: 720x1600, appium:deviceUDID: ZD22293992, appium:javascriptEnabled: true, appium:locationContextEnabled: false, appium:networkConnectionEnabled: true, appium:noReset: true, appium:pixelRatio: 1.75, appium:platformVersion: 13, appium:statBarHeight: 42, appium:takesScreenshot: true, appium:testOnly: false, appium:viewportRect: {height: 1558, left: 0, top: 42, width: 720}, appium:warnings: {}, appium:webStorageEnabled: false, platformName: ANDROID}
Session ID: 1095ccde-893e-4b01-9c3b-c433d0b9e512 expected [true] but found [false]
at com.silvassaOfficer.testcases.POSReports_Revenue_007.click1M_Button(POSReports_Revenue_007.java:161)
at java.base/java.util.ArrayList.forEach(ArrayList.java:1511)
... Removed 32 stack frames]]>
    </failure>
  </testcase> <!-- click1M_Button -->
  <testcase classname="com.silvassaOfficer.testcases.POSReports_Revenue_007" name="click_TransType" time="2.297"/>
  <testcase classname="com.silvassaOfficer.testcases.POSReports_Revenue_007" name="select_EntryTransaction" time="2.972"/>
  <testcase classname="com.silvassaOfficer.testcases.POSReports_Revenue_007" name="select_VehicleType" time="3.291"/>
  <testcase classname="com.silvassaOfficer.testcases.POSReports_Revenue_007" name="select_TWO_VehicleType" time="3.92"/>
  <testcase classname="com.silvassaOfficer.testcases.POSReports_Revenue_007" name="clickon_SubmitButton" time="33.872">
    <failure type="java.lang.AssertionError" message="Failed to click on submit button: Expected condition failed: waiting for element to be clickable: Proxy element for: DefaultElementLocator &amp;apos;By.xpath: /hierarchy/android.widget.FrameLayout/android.widget.LinearLayout/android.widget.FrameLayout/android.widget.LinearLayout/android.widget.FrameLayout/android.widget.RelativeLayout/android.webkit.WebView/android.webkit.WebView/android.view.View/android.view.View[2]/android.view.View/android.view.View[2]/android.view.View[4]/android.view.View/android.view.View[1]/android.view.View[4]/android.widget.Button&amp;apos; (tried for 10 second(s) with 500 milliseconds interval)">
      <![CDATA[java.lang.AssertionError: Failed to click on submit button: Expected condition failed: waiting for element to be clickable: Proxy element for: DefaultElementLocator 'By.xpath: /hierarchy/android.widget.FrameLayout/android.widget.LinearLayout/android.widget.FrameLayout/android.widget.LinearLayout/android.widget.FrameLayout/android.widget.RelativeLayout/android.webkit.WebView/android.webkit.WebView/android.view.View/android.view.View[2]/android.view.View/android.view.View[2]/android.view.View[4]/android.view.View/android.view.View[1]/android.view.View[4]/android.widget.Button' (tried for 10 second(s) with 500 milliseconds interval)
at com.silvassaOfficer.testcases.POSReports_Revenue_007.clickon_SubmitButton(POSReports_Revenue_007.java:252)
at java.base/java.util.ArrayList.forEach(ArrayList.java:1511)
... Removed 30 stack frames]]>
    </failure>
  </testcase> <!-- clickon_SubmitButton -->
  <testcase classname="com.silvassaOfficer.testcases.POSReports_Revenue_007" name="select_ExitTransaction" time="4.187"/>
  <testcase classname="com.silvassaOfficer.testcases.POSReports_Revenue_007" name="againClickon_SubmitButton" time="33.377">
    <failure type="java.lang.AssertionError" message="Failed to click on submit button: Expected condition failed: waiting for element to be clickable: Proxy element for: DefaultElementLocator &amp;apos;By.xpath: /hierarchy/android.widget.FrameLayout/android.widget.LinearLayout/android.widget.FrameLayout/android.widget.LinearLayout/android.widget.FrameLayout/android.widget.RelativeLayout/android.webkit.WebView/android.webkit.WebView/android.view.View/android.view.View[2]/android.view.View/android.view.View[2]/android.view.View[4]/android.view.View/android.view.View[1]/android.view.View[4]/android.widget.Button&amp;apos; (tried for 10 second(s) with 500 milliseconds interval)">
      <![CDATA[java.lang.AssertionError: Failed to click on submit button: Expected condition failed: waiting for element to be clickable: Proxy element for: DefaultElementLocator 'By.xpath: /hierarchy/android.widget.FrameLayout/android.widget.LinearLayout/android.widget.FrameLayout/android.widget.LinearLayout/android.widget.FrameLayout/android.widget.RelativeLayout/android.webkit.WebView/android.webkit.WebView/android.view.View/android.view.View[2]/android.view.View/android.view.View[2]/android.view.View[4]/android.view.View/android.view.View[1]/android.view.View[4]/android.widget.Button' (tried for 10 second(s) with 500 milliseconds interval)
at com.silvassaOfficer.testcases.POSReports_Revenue_007.clickon_SubmitButton(POSReports_Revenue_007.java:252)
at com.silvassaOfficer.testcases.POSReports_Revenue_007.againClickon_SubmitButton(POSReports_Revenue_007.java:276)
at java.base/java.util.ArrayList.forEach(ArrayList.java:1511)
... Removed 30 stack frames]]>
    </failure>
  </testcase> <!-- againClickon_SubmitButton -->
  <testcase classname="com.silvassaOfficer.testcases.POSReports_Trans_008" name="clickon_POSTransactions" time="12.576"/>
  <testcase classname="com.silvassaOfficer.testcases.POSReports_Trans_008" name="clickOn_POSDropDownList" time="9.957"/>
  <testcase classname="com.silvassaOfficer.testcases.POSReports_Trans_008" name="click1D_Button" time="2.371"/>
  <testcase classname="com.silvassaOfficer.testcases.POSReports_Trans_008" name="click1W_Button" time="2.373"/>
  <testcase classname="com.silvassaOfficer.testcases.POSReports_Trans_008" name="click1M_Button" time="2.927"/>
  <testcase classname="com.silvassaOfficer.testcases.POSReports_Trans_008" name="click_TransType" time="3.358"/>
  <testcase classname="com.silvassaOfficer.testcases.POSReports_Trans_008" name="select_EntryTransaction" time="3.459"/>
  <testcase classname="com.silvassaOfficer.testcases.POSReports_Trans_008" name="select_VehicleType" time="4.381"/>
  <testcase classname="com.silvassaOfficer.testcases.POSReports_Trans_008" name="select_TWO_VehicleType" time="4.455"/>
  <testcase classname="com.silvassaOfficer.testcases.POSReports_Trans_008" name="clickon_SubmitButton" time="3.87"/>
  <testcase classname="com.silvassaOfficer.testcases.POSReports_Trans_008" name="select_ExitTransaction" time="4.361"/>
  <testcase classname="com.silvassaOfficer.testcases.POSReports_Trans_008" name="againClickon_SubmitButton" time="4.465"/>
  <testcase classname="com.silvassaOfficer.testcases.POSReports_Attender_009" name="clickon_POSTransactions" time="7.682"/>
  <testcase classname="com.silvassaOfficer.testcases.POSReports_Attender_009" name="click1D_Button" time="5.631"/>
  <testcase classname="com.silvassaOfficer.testcases.POSReports_Attender_009" name="click1W_Button" time="2.883"/>
  <testcase classname="com.silvassaOfficer.testcases.POSReports_Attender_009" name="click1M_Button" time="2.877"/>
  <testcase classname="com.silvassaOfficer.testcases.Basetest" name="@AfterSuite tearDownSuite" time="0.0">
    <ignored/>
  </testcase> <!-- @AfterSuite tearDownSuite -->
  <testcase classname="com.silvassaOfficer.testcases.Basetest" name="@AfterSuite tearDownSuite" time="0.0">
    <ignored/>
  </testcase> <!-- @AfterSuite tearDownSuite -->
  <testcase classname="com.silvassaOfficer.testcases.Basetest" name="@BeforeSuite setup" time="0.0">
    <ignored/>
  </testcase> <!-- @BeforeSuite setup -->
  <testcase classname="com.silvassaOfficer.testcases.Basetest" name="@BeforeSuite setup" time="0.0">
    <ignored/>
  </testcase> <!-- @BeforeSuite setup -->
</testsuite> <!-- Reports Analytics || POS Reports Test -->
