<html>
<head>
<title>TestNG:  User Log || FeedBack/Complaint</title>
<link href="../testng.css" rel="stylesheet" type="text/css" />
<link href="../my-testng.css" rel="stylesheet" type="text/css" />

<style type="text/css">
.log { display: none;} 
.stack-trace { display: none;} 
</style>
<script type="text/javascript">
<!--
function flip(e) {
  current = e.style.display;
  if (current == 'block') {
    e.style.display = 'none';
    return 0;
  }
  else {
    e.style.display = 'block';
    return 1;
  }
}

function toggleBox(szDivId, elem, msg1, msg2)
{
  var res = -1;  if (document.getElementById) {
    res = flip(document.getElementById(szDivId));
  }
  else if (document.all) {
    // this is the way old msie versions work
    res = flip(document.all[szDivId]);
  }
  if(elem) {
    if(res == 0) elem.innerHTML = msg1; else elem.innerHTML = msg2;
  }

}

function toggleAllBoxes() {
  if (document.getElementsByTagName) {
    d = document.getElementsByTagName('div');
    for (i = 0; i < d.length; i++) {
      if (d[i].className == 'log') {
        flip(d[i]);
      }
    }
  }
}

// -->
</script>

</head>
<body>
<h2 align='center'>User Log || FeedBack/Complaint</h2><table border='1' align="center">
<tr>
<td>Tests passed/Failed/Skipped:</td><td>9/0/0</td>
</tr><tr>
<td>Started on:</td><td>Thu Aug 01 15:37:16 IST 2024</td>
</tr>
<tr><td>Total time:</td><td>96 seconds (96034 ms)</td>
</tr><tr>
<td>Included groups:</td><td></td>
</tr><tr>
<td>Excluded groups:</td><td></td>
</tr>
</table><p/>
<small><i>(Hover the method name to see the test class name)</i></small><p/>
<table width='100%' border='1' class='invocation-failed'>
<tr><td colspan='4' align='center'><b>FAILED CONFIGURATIONS</b></td></tr>
<tr><td><b>Test method</b></td>
<td><b>Attribute(s)</b></td>
<td width="30%"><b>Exception</b></td>
<td width="10%"><b>Time (seconds)</b></td>
<td><b>Instance</b></td>
</tr>
<tr>
<td title='com.silvassaOfficer.testcases.FeedbackComplaint_025.tearDownClass()'><b>tearDownClass</b><br>Test class: com.silvassaOfficer.testcases.FeedbackComplaint_025</td>
<td><div><pre>java.lang.AssertionError: Failed to Logout from the application:An element could not be located on the page using the given search parameters.
For documentation on this error, please visit: https://selenium.dev/exceptions/#no_such_element
Build info: version: &apos;4.9.1&apos;, revision: &apos;eb2032df7f&apos;
System info: os.name: &apos;Linux&apos;, os.arch: &apos;amd64&apos;, os.version: &apos;6.5.0-28-generic&apos;, java.version: &apos;18.0.2-ea&apos;
Driver info: io.appium.java_client.android.AndroidDriver
Command: [4cb03aef-0152-4e0f-a8ef-2640be301374, findElement {using=xpath, value=//hierarchy/android.widget.FrameLayout/android.widget.LinearLayout/android.widget.FrameLayout/android.widget.LinearLayout/android.widget.FrameLayout/android.widget.RelativeLayout/android.webkit.WebView/android.webkit.WebView/android.view.View/android.view.View[1]/android.widget.ListView/android.view.View[2]/android.widget.Button}]
Capabilities {appium:appActivity: com.iramtech.silvassa_offic..., appium:appPackage: com.iramtech.silvassa_officer, appium:automationName: UiAutomator2, appium:databaseEnabled: false, appium:desired: {appActivity: com.iramtech.silvassa_offic..., appPackage: com.iramtech.silvassa_officer, automationName: UiAutomator2, deviceName: moto e13 , noReset: true, platformName: ANDROID, platformVersion: 13.0, testOnly: false}, appium:deviceApiLevel: 33, appium:deviceManufacturer: motorola, appium:deviceModel: moto e13, appium:deviceName: ZD22293992, appium:deviceScreenDensity: 280, appium:deviceScreenSize: 720x1600, appium:deviceUDID: ZD22293992, appium:javascriptEnabled: true, appium:locationContextEnabled: false, appium:networkConnectionEnabled: true, appium:noReset: true, appium:pixelRatio: 1.75, appium:platformVersion: 13, appium:statBarHeight: 42, appium:takesScreenshot: true, appium:testOnly: false, appium:viewportRect: {height: 1558, left: 0, top: 42, width: 720}, appium:warnings: {}, appium:webStorageEnabled: false, platformName: ANDROID}
Session ID: 4cb03aef-0152-4e0f-a8ef-2640be301374 expected [true] but found [false]
	at com.silvassaOfficer.testcases.Basetest.tearDownClass(BaseTest.java:131)
	at com.silvassaOfficer.testcases.TC_LoginTest_001.tearDownClass(TC_LoginTest_001.java:11)
	at java.base/java.util.ArrayList.forEach(ArrayList.java:1511)
... Removed 30 stack frames</pre></div><a href='#' onClick='toggleBox("stack-trace1062822717", this, "Click to show all stack frames", "Click to hide stack frames")'>Click to show all stack frames</a>
<div class='stack-trace' id='stack-trace1062822717'><pre>java.lang.AssertionError: Failed to Logout from the application:An element could not be located on the page using the given search parameters.
For documentation on this error, please visit: https://selenium.dev/exceptions/#no_such_element
Build info: version: &apos;4.9.1&apos;, revision: &apos;eb2032df7f&apos;
System info: os.name: &apos;Linux&apos;, os.arch: &apos;amd64&apos;, os.version: &apos;6.5.0-28-generic&apos;, java.version: &apos;18.0.2-ea&apos;
Driver info: io.appium.java_client.android.AndroidDriver
Command: [4cb03aef-0152-4e0f-a8ef-2640be301374, findElement {using=xpath, value=//hierarchy/android.widget.FrameLayout/android.widget.LinearLayout/android.widget.FrameLayout/android.widget.LinearLayout/android.widget.FrameLayout/android.widget.RelativeLayout/android.webkit.WebView/android.webkit.WebView/android.view.View/android.view.View[1]/android.widget.ListView/android.view.View[2]/android.widget.Button}]
Capabilities {appium:appActivity: com.iramtech.silvassa_offic..., appium:appPackage: com.iramtech.silvassa_officer, appium:automationName: UiAutomator2, appium:databaseEnabled: false, appium:desired: {appActivity: com.iramtech.silvassa_offic..., appPackage: com.iramtech.silvassa_officer, automationName: UiAutomator2, deviceName: moto e13 , noReset: true, platformName: ANDROID, platformVersion: 13.0, testOnly: false}, appium:deviceApiLevel: 33, appium:deviceManufacturer: motorola, appium:deviceModel: moto e13, appium:deviceName: ZD22293992, appium:deviceScreenDensity: 280, appium:deviceScreenSize: 720x1600, appium:deviceUDID: ZD22293992, appium:javascriptEnabled: true, appium:locationContextEnabled: false, appium:networkConnectionEnabled: true, appium:noReset: true, appium:pixelRatio: 1.75, appium:platformVersion: 13, appium:statBarHeight: 42, appium:takesScreenshot: true, appium:testOnly: false, appium:viewportRect: {height: 1558, left: 0, top: 42, width: 720}, appium:warnings: {}, appium:webStorageEnabled: false, platformName: ANDROID}
Session ID: 4cb03aef-0152-4e0f-a8ef-2640be301374 expected [true] but found [false]
	at org.testng.Assert.fail(Assert.java:110)
	at org.testng.Assert.failNotEquals(Assert.java:1413)
	at org.testng.Assert.assertTrue(Assert.java:56)
	at com.silvassaOfficer.testcases.Basetest.tearDownClass(BaseTest.java:131)
	at com.silvassaOfficer.testcases.TC_LoginTest_001.tearDownClass(TC_LoginTest_001.java:11)
	at java.base/jdk.internal.reflect.DirectMethodHandleAccessor.invoke(DirectMethodHandleAccessor.java:104)
	at java.base/java.lang.reflect.Method.invoke(Method.java:577)
	at org.testng.internal.invokers.MethodInvocationHelper.invokeMethod(MethodInvocationHelper.java:139)
	at org.testng.internal.invokers.MethodInvocationHelper.invokeMethodConsideringTimeout(MethodInvocationHelper.java:69)
	at org.testng.internal.invokers.ConfigInvoker.invokeConfigurationMethod(ConfigInvoker.java:361)
	at org.testng.internal.invokers.ConfigInvoker.invokeConfigurations(ConfigInvoker.java:296)
	at org.testng.internal.invokers.TestMethodWorker.invokeAfterClassMethods(TestMethodWorker.java:222)
	at org.testng.internal.invokers.TestMethodWorker.run(TestMethodWorker.java:131)
	at java.base/java.util.ArrayList.forEach(ArrayList.java:1511)
	at org.testng.TestRunner.privateRun(TestRunner.java:806)
	at org.testng.TestRunner.run(TestRunner.java:601)
	at org.testng.SuiteRunner.runTest(SuiteRunner.java:433)
	at org.testng.SuiteRunner.runSequentially(SuiteRunner.java:427)
	at org.testng.SuiteRunner.privateRun(SuiteRunner.java:387)
	at org.testng.SuiteRunner.run(SuiteRunner.java:330)
	at org.testng.SuiteRunnerWorker.runSuite(SuiteRunnerWorker.java:52)
	at org.testng.SuiteRunnerWorker.run(SuiteRunnerWorker.java:95)
	at org.testng.TestNG.runSuitesSequentially(TestNG.java:1256)
	at org.testng.TestNG.runSuitesLocally(TestNG.java:1176)
	at org.testng.TestNG.runSuites(TestNG.java:1099)
	at org.testng.TestNG.run(TestNG.java:1067)
	at org.apache.maven.surefire.testng.TestNGExecutor.run(TestNGExecutor.java:324)
	at org.apache.maven.surefire.testng.TestNGXmlTestSuite.execute(TestNGXmlTestSuite.java:74)
	at org.apache.maven.surefire.testng.TestNGProvider.invoke(TestNGProvider.java:123)
	at org.apache.maven.surefire.booter.ForkedBooter.runSuitesInProcess(ForkedBooter.java:456)
	at org.apache.maven.surefire.booter.ForkedBooter.execute(ForkedBooter.java:169)
	at org.apache.maven.surefire.booter.ForkedBooter.run(ForkedBooter.java:595)
	at org.apache.maven.surefire.booter.ForkedBooter.main(ForkedBooter.java:581)
</pre></div></td>
<td>15</td>
<td>com.silvassaOfficer.testcases.FeedbackComplaint_025@4b520ea8</td></tr>
</table><p>
<table width='100%' border='1' class='invocation-passed'>
<tr><td colspan='4' align='center'><b>PASSED TESTS</b></td></tr>
<tr><td><b>Test method</b></td>
<td><b>Attribute(s)</b></td>
<td width="30%"><b>Exception</b></td>
<td width="10%"><b>Time (seconds)</b></td>
<td><b>Instance</b></td>
</tr>
<tr>
<td title='com.silvassaOfficer.testcases.FeedbackComplaint_025.click1W_Button()'><b>click1W_Button</b><br>Test class: com.silvassaOfficer.testcases.FeedbackComplaint_025</td>
<td></td>
<td>2</td>
<td>com.silvassaOfficer.testcases.FeedbackComplaint_025@4b520ea8</td></tr>
<tr>
<td title='com.silvassaOfficer.testcases.FeedbackComplaint_025.clickon_Menu_FeedbackComplaint()'><b>clickon_Menu_FeedbackComplaint</b><br>Test class: com.silvassaOfficer.testcases.FeedbackComplaint_025</td>
<td></td>
<td>6</td>
<td>com.silvassaOfficer.testcases.FeedbackComplaint_025@4b520ea8</td></tr>
<tr>
<td title='com.silvassaOfficer.testcases.FeedbackComplaint_025.clickOn_SitesDropDownList()'><b>clickOn_SitesDropDownList</b><br>Test class: com.silvassaOfficer.testcases.FeedbackComplaint_025</td>
<td></td>
<td>22</td>
<td>com.silvassaOfficer.testcases.FeedbackComplaint_025@4b520ea8</td></tr>
<tr>
<td title='com.silvassaOfficer.testcases.FeedbackComplaint_025.click_ShowEntries()'><b>click_ShowEntries</b><br>Test class: com.silvassaOfficer.testcases.FeedbackComplaint_025</td>
<td></td>
<td>5</td>
<td>com.silvassaOfficer.testcases.FeedbackComplaint_025@4b520ea8</td></tr>
<tr>
<td title='com.silvassaOfficer.testcases.FeedbackComplaint_025.click1M_Button()'><b>click1M_Button</b><br>Test class: com.silvassaOfficer.testcases.FeedbackComplaint_025</td>
<td></td>
<td>5</td>
<td>com.silvassaOfficer.testcases.FeedbackComplaint_025@4b520ea8</td></tr>
<tr>
<td title='com.silvassaOfficer.testcases.FeedbackComplaint_025.click_ComplaintTab()'><b>click_ComplaintTab</b><br>Test class: com.silvassaOfficer.testcases.FeedbackComplaint_025</td>
<td></td>
<td>5</td>
<td>com.silvassaOfficer.testcases.FeedbackComplaint_025@4b520ea8</td></tr>
<tr>
<td title='com.silvassaOfficer.testcases.FeedbackComplaint_025.login()'><b>login</b><br>Test class: com.silvassaOfficer.testcases.FeedbackComplaint_025<br>Test method: Test to validate user login functionality</td>
<td></td>
<td>18</td>
<td>com.silvassaOfficer.testcases.FeedbackComplaint_025@4b520ea8</td></tr>
<tr>
<td title='com.silvassaOfficer.testcases.FeedbackComplaint_025.click1D_Button()'><b>click1D_Button</b><br>Test class: com.silvassaOfficer.testcases.FeedbackComplaint_025</td>
<td></td>
<td>0</td>
<td>com.silvassaOfficer.testcases.FeedbackComplaint_025@4b520ea8</td></tr>
<tr>
<td title='com.silvassaOfficer.testcases.FeedbackComplaint_025.clickon_Complaint_Calender()'><b>clickon_Complaint_Calender</b><br>Test class: com.silvassaOfficer.testcases.FeedbackComplaint_025</td>
<td></td>
<td>9</td>
<td>com.silvassaOfficer.testcases.FeedbackComplaint_025@4b520ea8</td></tr>
</table><p>
</body>
</html>